<?xml version="1.0" encoding="UTF-8"?>
<!-- Generated by org.testng.reporters.JUnitReportReporter -->
<testsuite hostname="DESKTOP-TDHOLHJ" failures="0" tests="4" name="tests.AccountPageTest" time="23.641" errors="0" timestamp="2023-12-08T10:36:59 IST" skipped="0">
  <testcase classname="tests.AccountPageTest" name="testLoginWithValidCredentials" time="0.406"/>
  <testcase classname="tests.AccountPageTest" name="testClickProfileImage" time="2.298"/>
  <testcase classname="tests.AccountPageTest" name="testAccountPageUI" time="20.791"/>
  <testcase classname="tests.AccountPageTest" name="testLogoutFunctionality" time="0.146"/>
</testsuite> <!-- tests.AccountPageTest -->
