<?xml version="1.0" encoding="UTF-8"?>
<!-- Generated by org.testng.reporters.JUnitReportReporter -->
<testsuite hostname="DESKTOP-TDHOLHJ" failures="0" tests="3" name="tests.MovieDetailsPageTest" time="15.730" errors="0" timestamp="2023-12-08T10:36:59 IST" skipped="0">
  <testcase classname="tests.MovieDetailsPageTest" name="testLoginWithValidCredentials" time="8.824"/>
  <testcase classname="tests.MovieDetailsPageTest" name="testMovieDetailsInHomePage" time="2.780"/>
  <testcase classname="tests.MovieDetailsPageTest" name="testMovieDetailsInPopularPage" time="4.126"/>
</testsuite> <!-- tests.MovieDetailsPageTest -->
