<?xml version="1.0" encoding="UTF-8"?>
<!-- Generated by org.testng.reporters.JUnitReportReporter -->
<testsuite hostname="DESKTOP-TDHOLHJ" failures="0" tests="2" name="tests.SearchPageTest" time="4.526" errors="0" timestamp="2023-12-08T10:36:59 IST" skipped="0">
  <testcase classname="tests.SearchPageTest" name="testLoginWithValidCredentials" time="0.440"/>
  <testcase classname="tests.SearchPageTest" name="testSearchFunctionality" time="4.086"/>
</testsuite> <!-- tests.SearchPageTest -->
