<?xml version="1.0" encoding="UTF-8"?>
<!-- Generated by org.testng.reporters.JUnitReportReporter -->
<testsuite hostname="DESKTOP-TDHOLHJ" failures="0" tests="3" name="tests.PopularPageTest" time="10.793" errors="0" timestamp="2023-12-08T10:36:59 IST" skipped="0">
  <testcase classname="tests.PopularPageTest" name="testLoginWithValidCredentials" time="0.440"/>
  <testcase classname="tests.PopularPageTest" name="testPopularPageUI" time="10.351"/>
  <testcase classname="tests.PopularPageTest" name="testMoviesAreDisplayed" time="0.002"/>
</testsuite> <!-- tests.PopularPageTest -->
