<?xml version="1.0" encoding="UTF-8"?>
<!-- Generated by org.testng.reporters.JUnitReportReporter -->
<testsuite hostname="DESKTOP-TDHOLHJ" failures="0" tests="2" name="tests.HomePageTest" time="5.238" errors="0" timestamp="2023-12-08T10:36:59 IST" skipped="0">
  <testcase classname="tests.HomePageTest" name="testLoginWithValidCredentials" time="3.836"/>
  <testcase classname="tests.HomePageTest" name="testHomePage" time="1.402"/>
</testsuite> <!-- tests.HomePageTest -->
