<?xml version="1.0" encoding="UTF-8"?>
<!-- Generated by org.testng.reporters.JUnitReportReporter -->
<testsuite hostname="DESKTOP-TDHOLHJ" failures="0" tests="10" name="tests.LoginPageTest" time="3.765" errors="0" timestamp="2023-12-08T10:36:59 IST" skipped="0">
  <testcase classname="tests.LoginPageTest" name="testLogoImageDisplayed" time="0.101"/>
  <testcase classname="tests.LoginPageTest" name="testHeadingText" time="0.056"/>
  <testcase classname="tests.LoginPageTest" name="testUsernameLabelText" time="0.043"/>
  <testcase classname="tests.LoginPageTest" name="testPasswordLabelText" time="0.045"/>
  <testcase classname="tests.LoginPageTest" name="testLoginButtonDisplayed" time="0.054"/>
  <testcase classname="tests.LoginPageTest" name="testLoginWithEmptyFields" time="2.110"/>
  <testcase classname="tests.LoginPageTest" name="testLoginWithEmptyUsername" time="0.381"/>
  <testcase classname="tests.LoginPageTest" name="testLoginWithEmptyPassword" time="0.293"/>
  <testcase classname="tests.LoginPageTest" name="testLoginWithInvalidCredentials" time="0.359"/>
  <testcase classname="tests.LoginPageTest" name="testLoginWithValidCredentials" time="0.323"/>
</testsuite> <!-- tests.LoginPageTest -->
