<?xml version="1.0" encoding="UTF-8"?>
<!-- Generated by org.testng.reporters.JUnitReportReporter -->
<testsuite hostname="DESKTOP-TDHOLHJ" failures="0" tests="3" name="tests.HeaderSectionPageTest" time="20.807" errors="0" timestamp="2023-12-08T10:36:59 IST" skipped="0">
  <testcase classname="tests.HeaderSectionPageTest" name="testLoginWithValidCredentials" time="0.667"/>
  <testcase classname="tests.HeaderSectionPageTest" name="testHeaderSectionUI" time="20.139"/>
  <testcase classname="tests.HeaderSectionPageTest" name="testHeaderSectionFunctionalities" time="0.001"/>
</testsuite> <!-- tests.HeaderSectionPageTest -->
